Event           Event Time Train ID  Trains Waiting Passage
Tunnel Passing    19:04:00    2        0,1                                               
Tunnel Passing    19:04:02    0        1,3,4,5                                           
Tunnel Passing    19:04:04    1        3,4,5,6,7,8,9                                     
System Overload   19:04:06    #        3,4,5,6,7,8,9,10,11,12,13                         
Tunnel Passing    19:04:07    3        4,5,6,7,8,9,10,11,12,13                           
Tunnel Passing    19:04:10    4        5,6,7,8,9,10,11,12,13                             
Tunnel Passing    19:04:12    5        6,7,8,9,10,11,12,13                               
Breakdown         19:04:13    5        6,7,8,9,10,11,12,13                               
Tunnel Passing    19:04:18    7        6,8,9,10,11,12,13                                 
Tunnel Passing    19:04:20    6        8,9,10,11,12,13                                   
Tunnel Passing    19:04:22    10       8,9,11,12,13                                      
Breakdown         19:04:23    10       8,9,11,12,13                                      
Tunnel Passing    19:04:28    11       8,9,12,13                                         
Tunnel Passing    19:04:30    8        9,12,13                                           
Tunnel Passing    19:04:32    12       9,13                                              
Tunnel Passing    19:04:34    13       9                                                 
Tunnel Passing    19:04:36    9                                                          
Breakdown         19:04:37    9                                                          
Tunnel Cleared    19:04:42    #        # Time to clear: 36 sec                           
Tunnel Passing    19:04:43    14                                                         
Tunnel Passing    19:04:46    16       15,17,18,19,20,21                                 
System Overload   19:04:47    #        15,17,18,19,20,21,22,23,24,25,26                  
Tunnel Passing    19:04:48    19       15,17,18,20,21,22,23,24,25,26                     
Tunnel Passing    19:04:50    20       15,17,18,21,22,23,24,25,26                        
Tunnel Passing    19:04:53    18       15,17,21,22,23,24,25,26                           
Tunnel Passing    19:04:55    23       15,17,21,22,24,25,26                              
Tunnel Passing    19:04:57    22       15,17,21,24,25,26                                 
Tunnel Passing    19:04:59    15       17,21,24,25,26                                    
