Simulation Arguments: p=0.5, simulation time=60, debug mode=0

Train ID Starting Point Destination Point Length(m) Departure Time Arrival Time
       0              B           F             100       19:04:00     19:04:05 
       1              E           A             200       19:04:00     19:04:08 
       2              A           F             100       19:04:00     19:04:03 
       3              B           F             200       19:04:01     19:04:11 
       4              E           B             100       19:04:02     19:04:13 
       5              B           F             100       19:04:02     19:04:19 
       6              A           F             100       19:04:02     19:04:23 
       7              E           A             100       19:04:03     19:04:21 
       8              A           E             100       19:04:03     19:04:33 
       9              F           B             100       19:04:04     19:04:43 
      10              B           F             100       19:04:04     19:04:29 
      11              E           B             100       19:04:05     19:04:31 
      12              B           F             100       19:04:05     19:04:35 
      13              E           A             100       19:04:06     19:04:37 
      14              A           F             200       19:04:43     19:04:47 
      15              E           B             100       19:04:43            # 
      16              B           F             100       19:04:43     19:04:49 
      17              E           B             200       19:04:44            # 
      18              F           A             100       19:04:44     19:04:56 
      19              A           E             100       19:04:45     19:04:51 
      20              B           E             200       19:04:45     19:04:54 
      21              F           B             100       19:04:45            # 
      22              B           F             100       19:04:46     19:05:00 
      23              A           F             100       19:04:46     19:04:58 
      24              F           A             200       19:04:46            # 
      25              B           E             200       19:04:47            # 
      26              A           E             100       19:04:47            # 


# Stands for trains that did not enter the tunnel

Number of trains: 27 and number of different ids: 27
